---------- Date: 2020-06-22 07:15:26 ~ IP : 72.14.199.236 ----------
REQUEST URI : /index.php?route=product/product/review&product_id=138
MOD DETAILS:
   modFile   : /home/dqakpbn8me5l/public_html/vqmod/xml/e_wallet.xml
   id        : E Wallet
   version   : 1.0.0.0
   vqmver    : 
   author    : knotechsoft.com
VQModObject::parseMods - Could not resolve path for [catalog/controller/journal2/checkout.php] (SKIPPED)
VQModObject::parseMods - Could not resolve path for [catalog/view/theme/journal2/template/extension/module/account.twig] (SKIPPED)
----------------------------------------------------------------------


---------- Date: 2020-06-22 09:05:01 ~ IP : 103.232.127.47 ----------
REQUEST URI : /index.php?route=checkout/shipping_method/save
MOD DETAILS:
   modFile   : /home/dqakpbn8me5l/public_html/vqmod/xml/e_wallet.xml
   id        : E Wallet
   version   : 1.0.0.0
   vqmver    : 
   author    : knotechsoft.com
VQModObject::parseMods - Could not resolve path for [catalog/controller/journal2/checkout.php] (SKIPPED)
VQModObject::parseMods - Could not resolve path for [catalog/view/theme/journal2/template/extension/module/account.twig] (SKIPPED)
----------------------------------------------------------------------


---------- Date: 2020-06-22 09:08:14 ~ IP : 103.232.127.47 ----------
REQUEST URI : /index.php?route=checkout/shipping_method/save
MOD DETAILS:
   modFile   : /home/dqakpbn8me5l/public_html/vqmod/xml/e_wallet.xml
   id        : E Wallet
   version   : 1.0.0.0
   vqmver    : 
   author    : knotechsoft.com
VQModObject::parseMods - Could not resolve path for [catalog/controller/journal2/checkout.php] (SKIPPED)
VQModObject::parseMods - Could not resolve path for [catalog/view/theme/journal2/template/extension/module/account.twig] (SKIPPED)
----------------------------------------------------------------------


---------- Date: 2020-06-22 09:17:21 ~ IP : 157.55.39.156 ----------
REQUEST URI : /
MOD DETAILS:
   modFile   : /home/dqakpbn8me5l/public_html/vqmod/xml/e_wallet.xml
   id        : E Wallet
   version   : 1.0.0.0
   vqmver    : 
   author    : knotechsoft.com
VQModObject::parseMods - Could not resolve path for [catalog/controller/journal2/checkout.php] (SKIPPED)
VQModObject::parseMods - Could not resolve path for [catalog/view/theme/journal2/template/extension/module/account.twig] (SKIPPED)
----------------------------------------------------------------------


---------- Date: 2020-06-22 09:26:01 ~ IP : 49.36.132.207 ----------
REQUEST URI : /index.php?route=extension/payment/payu/callback
MOD DETAILS:
   modFile   : /home/dqakpbn8me5l/public_html/vqmod/xml/e_wallet.xml
   id        : E Wallet
   version   : 1.0.0.0
   vqmver    : 
   author    : knotechsoft.com
VQModObject::parseMods - Could not resolve path for [catalog/controller/journal2/checkout.php] (SKIPPED)
VQModObject::parseMods - Could not resolve path for [catalog/view/theme/journal2/template/extension/module/account.twig] (SKIPPED)
----------------------------------------------------------------------


---------- Date: 2020-06-22 09:28:35 ~ IP : 40.77.167.202 ----------
REQUEST URI : /account-login
MOD DETAILS:
   modFile   : /home/dqakpbn8me5l/public_html/vqmod/xml/e_wallet.xml
   id        : E Wallet
   version   : 1.0.0.0
   vqmver    : 
   author    : knotechsoft.com
VQModObject::parseMods - Could not resolve path for [catalog/controller/journal2/checkout.php] (SKIPPED)
VQModObject::parseMods - Could not resolve path for [catalog/view/theme/journal2/template/extension/module/account.twig] (SKIPPED)
----------------------------------------------------------------------


---------- Date: 2020-06-22 09:38:58 ~ IP : 122.176.225.134 ----------
REQUEST URI : /admin/index.php?route=catalog/product&user_token=jfbwWHYEAyAj6sPDNGtEHtemnZvoFrfM&page=5
MOD DETAILS:
   modFile   : /home/dqakpbn8me5l/public_html/vqmod/xml/e_wallet.xml
   id        : E Wallet
   version   : 1.0.0.0
   vqmver    : 
   author    : knotechsoft.com
VQModObject::parseMods - Could not resolve path for [catalog/controller/journal2/checkout.php] (SKIPPED)
VQModObject::parseMods - Could not resolve path for [catalog/view/theme/journal2/template/extension/module/account.twig] (SKIPPED)
----------------------------------------------------------------------


---------- Date: 2020-06-22 09:40:15 ~ IP : 103.232.127.47 ----------
REQUEST URI : /index.php?route=account/e_wallet
MOD DETAILS:
   modFile   : /home/dqakpbn8me5l/public_html/vqmod/xml/e_wallet.xml
   id        : E Wallet
   version   : 1.0.0.0
   vqmver    : 
   author    : knotechsoft.com
VQModObject::parseMods - Could not resolve path for [catalog/controller/journal2/checkout.php] (SKIPPED)
VQModObject::parseMods - Could not resolve path for [catalog/view/theme/journal2/template/extension/module/account.twig] (SKIPPED)
----------------------------------------------------------------------


---------- Date: 2020-06-22 09:41:24 ~ IP : 122.176.225.134 ----------
REQUEST URI : /buy-fresh-fruits-online?page=2
MOD DETAILS:
   modFile   : /home/dqakpbn8me5l/public_html/vqmod/xml/e_wallet.xml
   id        : E Wallet
   version   : 1.0.0.0
   vqmver    : 
   author    : knotechsoft.com
VQModObject::parseMods - Could not resolve path for [catalog/controller/journal2/checkout.php] (SKIPPED)
VQModObject::parseMods - Could not resolve path for [catalog/view/theme/journal2/template/extension/module/account.twig] (SKIPPED)
----------------------------------------------------------------------


---------- Date: 2020-06-22 09:41:55 ~ IP : 122.176.225.134 ----------
REQUEST URI : /buy-fresh-fruits-online?product_id=124
MOD DETAILS:
   modFile   : /home/dqakpbn8me5l/public_html/vqmod/xml/e_wallet.xml
   id        : E Wallet
   version   : 1.0.0.0
   vqmver    : 
   author    : knotechsoft.com
VQModObject::parseMods - Could not resolve path for [catalog/controller/journal2/checkout.php] (SKIPPED)
VQModObject::parseMods - Could not resolve path for [catalog/view/theme/journal2/template/extension/module/account.twig] (SKIPPED)
----------------------------------------------------------------------


---------- Date: 2020-06-22 09:44:37 ~ IP : 103.232.127.47 ----------
REQUEST URI : /checkout?test
MOD DETAILS:
   modFile   : /home/dqakpbn8me5l/public_html/vqmod/xml/e_wallet.xml
   id        : E Wallet
   version   : 1.0.0.0
   vqmver    : 
   author    : knotechsoft.com
VQModObject::parseMods - Could not resolve path for [catalog/controller/journal2/checkout.php] (SKIPPED)
VQModObject::parseMods - Could not resolve path for [catalog/view/theme/journal2/template/extension/module/account.twig] (SKIPPED)
----------------------------------------------------------------------


---------- Date: 2020-06-22 09:47:41 ~ IP : 103.232.127.47 ----------
REQUEST URI : /index.php?route=checkout/shipping_address/save
MOD DETAILS:
   modFile   : /home/dqakpbn8me5l/public_html/vqmod/xml/e_wallet.xml
   id        : E Wallet
   version   : 1.0.0.0
   vqmver    : 
   author    : knotechsoft.com
VQModObject::parseMods - Could not resolve path for [catalog/controller/journal2/checkout.php] (SKIPPED)
VQModObject::parseMods - Could not resolve path for [catalog/view/theme/journal2/template/extension/module/account.twig] (SKIPPED)
----------------------------------------------------------------------


---------- Date: 2020-06-22 10:03:28 ~ IP : 103.232.127.47 ----------
REQUEST URI : /index.php?route=checkout/shipping_method/save
MOD DETAILS:
   modFile   : /home/dqakpbn8me5l/public_html/vqmod/xml/e_wallet.xml
   id        : E Wallet
   version   : 1.0.0.0
   vqmver    : 
   author    : knotechsoft.com
VQModObject::parseMods - Could not resolve path for [catalog/controller/journal2/checkout.php] (SKIPPED)
VQModObject::parseMods - Could not resolve path for [catalog/view/theme/journal2/template/extension/module/account.twig] (SKIPPED)
----------------------------------------------------------------------


---------- Date: 2020-06-22 10:04:06 ~ IP : 103.232.127.47 ----------
REQUEST URI : /index.php?route=checkout/shipping_address/save
MOD DETAILS:
   modFile   : /home/dqakpbn8me5l/public_html/vqmod/xml/e_wallet.xml
   id        : E Wallet
   version   : 1.0.0.0
   vqmver    : 
   author    : knotechsoft.com
VQModObject::parseMods - Could not resolve path for [catalog/controller/journal2/checkout.php] (SKIPPED)
VQModObject::parseMods - Could not resolve path for [catalog/view/theme/journal2/template/extension/module/account.twig] (SKIPPED)
----------------------------------------------------------------------


